<?xml version="1.0" encoding="UTF-8"?>
<testng-results skipped="0" failed="0" ignored="0" total="1" passed="1">
  <reporter-output>
  </reporter-output>
  <suite name="Default suite" duration-ms="16962" started-at="2022-11-06T08:02:25Z" finished-at="2022-11-06T08:02:41Z">
    <groups>
    </groups>
    <test name="Default test" duration-ms="16962" started-at="2022-11-06T08:02:25Z" finished-at="2022-11-06T08:02:41Z">
      <class name="pages.LoginPage">
        <test-method status="PASS" signature="login()[pri:0, instance:pages.LoginPage@5e316c74]" name="login" duration-ms="16910" started-at="2022-11-06T08:02:25Z" finished-at="2022-11-06T08:02:41Z">
          <reporter-output>
          </reporter-output>
        </test-method> <!-- login -->
      </class> <!-- pages.LoginPage -->
    </test> <!-- Default test -->
  </suite> <!-- Default suite -->
</testng-results>
